# JRE version: OpenJDK Runtime Environment (11.0.10) (build 11.0.10+0-b96-7249189)
# Java VM: OpenJDK 64-Bit Server VM (11.0.10+0-b96-7249189, mixed mode, tiered, compressed oops, g1 gc, windows-amd64)
Heap:
 garbage-first heap   total 76800K, used 13934K [0x00000000c2e00000, 0x0000000100000000)
  region size 1024K, 4 young (4096K), 4 survivors (4096K)
 Metaspace       used 26654K, capacity 27004K, committed 27136K, reserved 1081344K
  class space    used 2842K, capacity 2997K, committed 3072K, reserved 1048576K
GC Heap History (10 events):
Event: 0.854 GC heap before
{Heap before GC invocations=0 (full 0):
 garbage-first heap   total 63488K, used 9216K [0x00000000c2e00000, 0x0000000100000000)
  region size 1024K, 7 young (7168K), 0 survivors (0K)
 Metaspace       used 6959K, capacity 7052K, committed 7296K, reserved 1056768K
  class space    used 596K, capacity 627K, committed 640K, reserved 1048576K
}
Event: 0.861 GC heap after
{Heap after GC invocations=1 (full 0):
 garbage-first heap   total 63488K, used 4987K [0x00000000c2e00000, 0x0000000100000000)
  region size 1024K, 1 young (1024K), 1 survivors (1024K)
 Metaspace       used 6959K, capacity 7052K, committed 7296K, reserved 1056768K
  class space    used 596K, capacity 627K, committed 640K, reserved 1048576K
}
Event: 1.409 GC heap before
{Heap before GC invocations=1 (full 0):
 garbage-first heap   total 63488K, used 15227K [0x00000000c2e00000, 0x0000000100000000)
  region size 1024K, 11 young (11264K), 1 survivors (1024K)
 Metaspace       used 10428K, capacity 10511K, committed 10752K, reserved 1058816K
  class space    used 923K, capacity 948K, committed 1024K, reserved 1048576K
}
Event: 1.415 GC heap after
{Heap after GC invocations=2 (full 0):
 garbage-first heap   total 63488K, used 5416K [0x00000000c2e00000, 0x0000000100000000)
  region size 1024K, 2 young (2048K), 2 survivors (2048K)
 Metaspace       used 10428K, capacity 10511K, committed 10752K, reserved 1058816K
  class space    used 923K, capacity 948K, committed 1024K, reserved 1048576K
}
Event: 2.088 GC heap before
{Heap before GC invocations=2 (full 0):
 garbage-first heap   total 63488K, used 18728K [0x00000000c2e00000, 0x0000000100000000)
  region size 1024K, 15 young (15360K), 2 survivors (2048K)
 Metaspace       used 13509K, capacity 13589K, committed 13696K, reserved 1060864K
  class space    used 1300K, capacity 1334K, committed 1408K, reserved 1048576K
}
Event: 2.096 GC heap after
{Heap after GC invocations=3 (full 0):
 garbage-first heap   total 63488K, used 6465K [0x00000000c2e00000, 0x0000000100000000)
  region size 1024K, 2 young (2048K), 2 survivors (2048K)
 Metaspace       used 13509K, capacity 13589K, committed 13696K, reserved 1060864K
  class space    used 1300K, capacity 1334K, committed 1408K, reserved 1048576K
}
Event: 4.985 GC heap before
{Heap before GC invocations=3 (full 0):
 garbage-first heap   total 63488K, used 28993K [0x00000000c2e00000, 0x0000000100000000)
  region size 1024K, 24 young (24576K), 2 survivors (2048K)
 Metaspace       used 19333K, capacity 19566K, committed 19840K, reserved 1067008K
  class space    used 2019K, capacity 2101K, committed 2176K, reserved 1048576K
}
Event: 5.001 GC heap after
{Heap after GC invocations=4 (full 0):
 garbage-first heap   total 63488K, used 8736K [0x00000000c2e00000, 0x0000000100000000)
  region size 1024K, 3 young (3072K), 3 survivors (3072K)
 Metaspace       used 19333K, capacity 19566K, committed 19840K, reserved 1067008K
  class space    used 2019K, capacity 2101K, committed 2176K, reserved 1048576K
}
Event: 5.259 GC heap before
{Heap before GC invocations=4 (full 0):
 garbage-first heap   total 63488K, used 12832K [0x00000000c2e00000, 0x0000000100000000)
  region size 1024K, 9 young (9216K), 3 survivors (3072K)
 Metaspace       used 20875K, capacity 21118K, committed 21248K, reserved 1069056K
  class space    used 2200K, capacity 2280K, committed 2304K, reserved 1048576K
}
Event: 5.275 GC heap after
{Heap after GC invocations=5 (full 0):
 garbage-first heap   total 76800K, used 9080K [0x00000000c2e00000, 0x0000000100000000)
  region size 1024K, 3 young (3072K), 3 survivors (3072K)
 Metaspace       used 20875K, capacity 21118K, committed 21248K, reserved 1069056K
  class space    used 2200K, capacity 2280K, committed 2304K, reserved 1048576K
}

