# JRE version: OpenJDK Runtime Environment (11.0.10) (build 11.0.10+0-b96-7249189)
# Java VM: OpenJDK 64-Bit Server VM (11.0.10+0-b96-7249189, mixed mode, tiered, compressed oops, g1 gc, windows-amd64)
Heap:
 garbage-first heap   total 278528K, used 156543K [0x0000000080000000, 0x0000000100000000)
  region size 1024K, 4 young (4096K), 4 survivors (4096K)
 Metaspace       used 98073K, capacity 100284K, committed 100352K, reserved 1136640K
  class space    used 12755K, capacity 13560K, committed 13568K, reserved 1048576K
GC Heap History (20 events):
Event: 33.753 GC heap before
{Heap before GC invocations=29 (full 0):
 garbage-first heap   total 159744K, used 127956K [0x0000000080000000, 0x0000000100000000)
  region size 1024K, 53 young (54272K), 4 survivors (4096K)
 Metaspace       used 85051K, capacity 87089K, committed 87296K, reserved 1124352K
  class space    used 10933K, capacity 11701K, committed 11776K, reserved 1048576K
}
Event: 33.778 GC heap after
{Heap after GC invocations=30 (full 0):
 garbage-first heap   total 192512K, used 81364K [0x0000000080000000, 0x0000000100000000)
  region size 1024K, 6 young (6144K), 6 survivors (6144K)
 Metaspace       used 85051K, capacity 87089K, committed 87296K, reserved 1124352K
  class space    used 10933K, capacity 11701K, committed 11776K, reserved 1048576K
}
Event: 36.377 GC heap before
{Heap before GC invocations=31 (full 0):
 garbage-first heap   total 192512K, used 144852K [0x0000000080000000, 0x0000000100000000)
  region size 1024K, 68 young (69632K), 6 survivors (6144K)
 Metaspace       used 87503K, capacity 89551K, committed 89600K, reserved 1126400K
  class space    used 11285K, capacity 12023K, committed 12032K, reserved 1048576K
}
Event: 36.410 GC heap after
{Heap after GC invocations=32 (full 0):
 garbage-first heap   total 192512K, used 84107K [0x0000000080000000, 0x0000000100000000)
  region size 1024K, 6 young (6144K), 6 survivors (6144K)
 Metaspace       used 87503K, capacity 89551K, committed 89600K, reserved 1126400K
  class space    used 11285K, capacity 12023K, committed 12032K, reserved 1048576K
}
Event: 40.095 GC heap before
{Heap before GC invocations=32 (full 0):
 garbage-first heap   total 192512K, used 149643K [0x0000000080000000, 0x0000000100000000)
  region size 1024K, 70 young (71680K), 6 survivors (6144K)
 Metaspace       used 90975K, capacity 93044K, committed 93184K, reserved 1130496K
  class space    used 11676K, capacity 12436K, committed 12544K, reserved 1048576K
}
Event: 40.127 GC heap after
{Heap after GC invocations=33 (full 0):
 garbage-first heap   total 192512K, used 88083K [0x0000000080000000, 0x0000000100000000)
  region size 1024K, 7 young (7168K), 7 survivors (7168K)
 Metaspace       used 90975K, capacity 93044K, committed 93184K, reserved 1130496K
  class space    used 11676K, capacity 12436K, committed 12544K, reserved 1048576K
}
Event: 42.515 GC heap before
{Heap before GC invocations=33 (full 0):
 garbage-first heap   total 192512K, used 153619K [0x0000000080000000, 0x0000000100000000)
  region size 1024K, 72 young (73728K), 7 survivors (7168K)
 Metaspace       used 92812K, capacity 94971K, committed 95104K, reserved 1132544K
  class space    used 11866K, capacity 12669K, committed 12672K, reserved 1048576K
}
Event: 42.557 GC heap after
{Heap after GC invocations=34 (full 0):
 garbage-first heap   total 192512K, used 93184K [0x0000000080000000, 0x0000000100000000)
  region size 1024K, 9 young (9216K), 9 survivors (9216K)
 Metaspace       used 92812K, capacity 94971K, committed 95104K, reserved 1132544K
  class space    used 11866K, capacity 12669K, committed 12672K, reserved 1048576K
}
Event: 43.204 GC heap before
{Heap before GC invocations=34 (full 0):
 garbage-first heap   total 192512K, used 112640K [0x0000000080000000, 0x0000000100000000)
  region size 1024K, 26 young (26624K), 9 survivors (9216K)
 Metaspace       used 93113K, capacity 95264K, committed 95488K, reserved 1132544K
  class space    used 11900K, capacity 12677K, committed 12800K, reserved 1048576K
}
Event: 43.245 GC heap after
{Heap after GC invocations=35 (full 0):
 garbage-first heap   total 231424K, used 98210K [0x0000000080000000, 0x0000000100000000)
  region size 1024K, 2 young (2048K), 2 survivors (2048K)
 Metaspace       used 93113K, capacity 95264K, committed 95488K, reserved 1132544K
  class space    used 11900K, capacity 12677K, committed 12800K, reserved 1048576K
}
Event: 44.643 GC heap before
{Heap before GC invocations=36 (full 0):
 garbage-first heap   total 231424K, used 130978K [0x0000000080000000, 0x0000000100000000)
  region size 1024K, 29 young (29696K), 2 survivors (2048K)
 Metaspace       used 95621K, capacity 97797K, committed 98048K, reserved 1134592K
  class space    used 12270K, capacity 13055K, committed 13056K, reserved 1048576K
}
Event: 44.672 GC heap after
{Heap after GC invocations=37 (full 0):
 garbage-first heap   total 231424K, used 112640K [0x0000000080000000, 0x0000000100000000)
  region size 1024K, 8 young (8192K), 8 survivors (8192K)
 Metaspace       used 95621K, capacity 97797K, committed 98048K, reserved 1134592K
  class space    used 12270K, capacity 13055K, committed 13056K, reserved 1048576K
}
Event: 45.225 GC heap before
{Heap before GC invocations=38 (full 0):
 garbage-first heap   total 231424K, used 125952K [0x0000000080000000, 0x0000000100000000)
  region size 1024K, 17 young (17408K), 8 survivors (8192K)
 Metaspace       used 95622K, capacity 97797K, committed 98048K, reserved 1134592K
  class space    used 12270K, capacity 13055K, committed 13056K, reserved 1048576K
}
Event: 45.246 GC heap after
{Heap after GC invocations=39 (full 0):
 garbage-first heap   total 231424K, used 120558K [0x0000000080000000, 0x0000000100000000)
  region size 1024K, 5 young (5120K), 5 survivors (5120K)
 Metaspace       used 95622K, capacity 97797K, committed 98048K, reserved 1134592K
  class space    used 12270K, capacity 13055K, committed 13056K, reserved 1048576K
}
Event: 46.291 GC heap before
{Heap before GC invocations=40 (full 0):
 garbage-first heap   total 231424K, used 165614K [0x0000000080000000, 0x0000000100000000)
  region size 1024K, 42 young (43008K), 5 survivors (5120K)
 Metaspace       used 95847K, capacity 98033K, committed 98176K, reserved 1134592K
  class space    used 12295K, capacity 13090K, committed 13184K, reserved 1048576K
}
Event: 46.383 GC heap after
{Heap after GC invocations=41 (full 0):
 garbage-first heap   total 231424K, used 139025K [0x0000000080000000, 0x0000000100000000)
  region size 1024K, 6 young (6144K), 6 survivors (6144K)
 Metaspace       used 95847K, capacity 98033K, committed 98176K, reserved 1134592K
  class space    used 12295K, capacity 13090K, committed 13184K, reserved 1048576K
}
Event: 46.429 GC heap before
{Heap before GC invocations=41 (full 0):
 garbage-first heap   total 231424K, used 142097K [0x0000000080000000, 0x0000000100000000)
  region size 1024K, 10 young (10240K), 6 survivors (6144K)
 Metaspace       used 95850K, capacity 98036K, committed 98176K, reserved 1134592K
  class space    used 12295K, capacity 13091K, committed 13184K, reserved 1048576K
}
Event: 46.475 GC heap after
{Heap after GC invocations=42 (full 0):
 garbage-first heap   total 231424K, used 140742K [0x0000000080000000, 0x0000000100000000)
  region size 1024K, 2 young (2048K), 2 survivors (2048K)
 Metaspace       used 95850K, capacity 98036K, committed 98176K, reserved 1134592K
  class space    used 12295K, capacity 13091K, committed 13184K, reserved 1048576K
}
Event: 47.190 GC heap before
{Heap before GC invocations=43 (full 0):
 garbage-first heap   total 231424K, used 146886K [0x0000000080000000, 0x0000000100000000)
  region size 1024K, 8 young (8192K), 2 survivors (2048K)
 Metaspace       used 95850K, capacity 98036K, committed 98176K, reserved 1134592K
  class space    used 12295K, capacity 13091K, committed 13184K, reserved 1048576K
}
Event: 47.218 GC heap after
{Heap after GC invocations=44 (full 0):
 garbage-first heap   total 231424K, used 144124K [0x0000000080000000, 0x0000000100000000)
  region size 1024K, 4 young (4096K), 4 survivors (4096K)
 Metaspace       used 95850K, capacity 98036K, committed 98176K, reserved 1134592K
  class space    used 12295K, capacity 13091K, committed 13184K, reserved 1048576K
}

