# JRE version: OpenJDK Runtime Environment (11.0.10) (build 11.0.10+0-b96-7249189)
# Java VM: OpenJDK 64-Bit Server VM (11.0.10+0-b96-7249189, mixed mode, tiered, compressed oops, g1 gc, windows-amd64)
Heap:
 garbage-first heap   total 198656K, used 160566K [0x0000000080000000, 0x0000000100000000)
  region size 1024K, 3 young (3072K), 2 survivors (2048K)
 Metaspace       used 110183K, capacity 112920K, committed 113108K, reserved 1146880K
  class space    used 14300K, capacity 15303K, committed 15316K, reserved 1048576K
GC Heap History (20 events):
Event: 89.905 GC heap before
{Heap before GC invocations=33 (full 0):
 garbage-first heap   total 198656K, used 131071K [0x0000000080000000, 0x0000000100000000)
  region size 1024K, 50 young (51200K), 7 survivors (7168K)
 Metaspace       used 98122K, capacity 100522K, committed 100608K, reserved 1136640K
  class space    used 12591K, capacity 13485K, committed 13568K, reserved 1048576K
}
Event: 89.945 GC heap after
{Heap after GC invocations=34 (full 0):
 garbage-first heap   total 198656K, used 95348K [0x0000000080000000, 0x0000000100000000)
  region size 1024K, 10 young (10240K), 10 survivors (10240K)
 Metaspace       used 98122K, capacity 100522K, committed 100608K, reserved 1136640K
  class space    used 12591K, capacity 13485K, committed 13568K, reserved 1048576K
}
Event: 95.377 GC heap before
{Heap before GC invocations=35 (full 0):
 garbage-first heap   total 198656K, used 162932K [0x0000000080000000, 0x0000000100000000)
  region size 1024K, 75 young (76800K), 10 survivors (10240K)
 Metaspace       used 103785K, capacity 106379K, committed 106708K, reserved 1142784K
  class space    used 13266K, capacity 14196K, committed 14292K, reserved 1048576K
}
Event: 95.453 GC heap after
{Heap after GC invocations=36 (full 0):
 garbage-first heap   total 198656K, used 99158K [0x0000000080000000, 0x0000000100000000)
  region size 1024K, 3 young (3072K), 3 survivors (3072K)
 Metaspace       used 103785K, capacity 106379K, committed 106708K, reserved 1142784K
  class space    used 13266K, capacity 14196K, committed 14292K, reserved 1048576K
}
Event: 98.732 GC heap before
{Heap before GC invocations=37 (full 0):
 garbage-first heap   total 198656K, used 163670K [0x0000000080000000, 0x0000000100000000)
  region size 1024K, 67 young (68608K), 3 survivors (3072K)
 Metaspace       used 105002K, capacity 107670K, committed 107860K, reserved 1142784K
  class space    used 13421K, capacity 14388K, committed 14420K, reserved 1048576K
}
Event: 98.766 GC heap after
{Heap after GC invocations=38 (full 0):
 garbage-first heap   total 198656K, used 100973K [0x0000000080000000, 0x0000000100000000)
  region size 1024K, 7 young (7168K), 7 survivors (7168K)
 Metaspace       used 105002K, capacity 107670K, committed 107860K, reserved 1142784K
  class space    used 13421K, capacity 14388K, committed 14420K, reserved 1048576K
}
Event: 99.081 GC heap before
{Heap before GC invocations=38 (full 0):
 garbage-first heap   total 198656K, used 106093K [0x0000000080000000, 0x0000000100000000)
  region size 1024K, 14 young (14336K), 7 survivors (7168K)
 Metaspace       used 105260K, capacity 107945K, committed 108116K, reserved 1142784K
  class space    used 13448K, capacity 14392K, committed 14420K, reserved 1048576K
}
Event: 99.134 GC heap after
{Heap after GC invocations=39 (full 0):
 garbage-first heap   total 198656K, used 101723K [0x0000000080000000, 0x0000000100000000)
  region size 1024K, 1 young (1024K), 1 survivors (1024K)
 Metaspace       used 105260K, capacity 107945K, committed 108116K, reserved 1142784K
  class space    used 13448K, capacity 14392K, committed 14420K, reserved 1048576K
}
Event: 99.832 GC heap before
{Heap before GC invocations=40 (full 0):
 garbage-first heap   total 198656K, used 110939K [0x0000000080000000, 0x0000000100000000)
  region size 1024K, 8 young (8192K), 1 survivors (1024K)
 Metaspace       used 105256K, capacity 107937K, committed 108116K, reserved 1142784K
  class space    used 13446K, capacity 14389K, committed 14420K, reserved 1048576K
}
Event: 99.842 GC heap after
{Heap after GC invocations=41 (full 0):
 garbage-first heap   total 198656K, used 110272K [0x0000000080000000, 0x0000000100000000)
  region size 1024K, 6 young (6144K), 6 survivors (6144K)
 Metaspace       used 105256K, capacity 107937K, committed 108116K, reserved 1142784K
  class space    used 13446K, capacity 14389K, committed 14420K, reserved 1048576K
}
Event: 100.933 GC heap before
{Heap before GC invocations=42 (full 0):
 garbage-first heap   total 198656K, used 135872K [0x0000000080000000, 0x0000000100000000)
  region size 1024K, 29 young (29696K), 6 survivors (6144K)
 Metaspace       used 107756K, capacity 110470K, committed 110548K, reserved 1144832K
  class space    used 13815K, capacity 14767K, committed 14804K, reserved 1048576K
}
Event: 100.955 GC heap after
{Heap after GC invocations=43 (full 0):
 garbage-first heap   total 198656K, used 117745K [0x0000000080000000, 0x0000000100000000)
  region size 1024K, 4 young (4096K), 4 survivors (4096K)
 Metaspace       used 107756K, capacity 110470K, committed 110548K, reserved 1144832K
  class space    used 13815K, capacity 14767K, committed 14804K, reserved 1048576K
}
Event: 101.945 GC heap before
{Heap before GC invocations=44 (full 0):
 garbage-first heap   total 198656K, used 164849K [0x0000000080000000, 0x0000000100000000)
  region size 1024K, 35 young (35840K), 4 survivors (4096K)
 Metaspace       used 107979K, capacity 110641K, committed 110932K, reserved 1144832K
  class space    used 13840K, capacity 14802K, committed 14932K, reserved 1048576K
}
Event: 102.001 GC heap after
{Heap after GC invocations=45 (full 0):
 garbage-first heap   total 198656K, used 139514K [0x0000000080000000, 0x0000000100000000)
  region size 1024K, 5 young (5120K), 5 survivors (5120K)
 Metaspace       used 107979K, capacity 110641K, committed 110932K, reserved 1144832K
  class space    used 13840K, capacity 14802K, committed 14932K, reserved 1048576K
}
Event: 102.197 GC heap before
{Heap before GC invocations=45 (full 0):
 garbage-first heap   total 198656K, used 157946K [0x0000000080000000, 0x0000000100000000)
  region size 1024K, 24 young (24576K), 5 survivors (5120K)
 Metaspace       used 107981K, capacity 110705K, committed 110932K, reserved 1144832K
  class space    used 13840K, capacity 14802K, committed 14932K, reserved 1048576K
}
Event: 102.258 GC heap after
{Heap after GC invocations=46 (full 0):
 garbage-first heap   total 198656K, used 145920K [0x0000000080000000, 0x0000000100000000)
  region size 1024K, 4 young (4096K), 4 survivors (4096K)
 Metaspace       used 107981K, capacity 110705K, committed 110932K, reserved 1144832K
  class space    used 13840K, capacity 14802K, committed 14932K, reserved 1048576K
}
Event: 103.039 GC heap before
{Heap before GC invocations=47 (full 0):
 garbage-first heap   total 198656K, used 152064K [0x0000000080000000, 0x0000000100000000)
  region size 1024K, 10 young (10240K), 4 survivors (4096K)
 Metaspace       used 107981K, capacity 110705K, committed 110932K, reserved 1144832K
  class space    used 13840K, capacity 14802K, committed 14932K, reserved 1048576K
}
Event: 103.086 GC heap after
{Heap after GC invocations=48 (full 0):
 garbage-first heap   total 198656K, used 149894K [0x0000000080000000, 0x0000000100000000)
  region size 1024K, 3 young (3072K), 3 survivors (3072K)
 Metaspace       used 107981K, capacity 110705K, committed 110932K, reserved 1144832K
  class space    used 13840K, capacity 14802K, committed 14932K, reserved 1048576K
}
Event: 104.687 GC heap before
{Heap before GC invocations=49 (full 0):
 garbage-first heap   total 198656K, used 162182K [0x0000000080000000, 0x0000000100000000)
  region size 1024K, 15 young (15360K), 3 survivors (3072K)
 Metaspace       used 110104K, capacity 112849K, committed 113108K, reserved 1146880K
  class space    used 14300K, capacity 15303K, committed 15316K, reserved 1048576K
}
Event: 104.724 GC heap after
{Heap after GC invocations=50 (full 0):
 garbage-first heap   total 198656K, used 154624K [0x0000000080000000, 0x0000000100000000)
  region size 1024K, 2 young (2048K), 2 survivors (2048K)
 Metaspace       used 110104K, capacity 112849K, committed 113108K, reserved 1146880K
  class space    used 14300K, capacity 15303K, committed 15316K, reserved 1048576K
}

