# JRE version: OpenJDK Runtime Environment (11.0.10) (build 11.0.10+0-b96-7249189)
# Java VM: OpenJDK 64-Bit Server VM (11.0.10+0-b96-7249189, mixed mode, tiered, compressed oops, g1 gc, windows-amd64)
Heap:
 garbage-first heap   total 192512K, used 142889K [0x0000000080000000, 0x0000000100000000)
  region size 1024K, 24 young (24576K), 6 survivors (6144K)
 Metaspace       used 114557K, capacity 117459K, committed 117552K, reserved 1150976K
  class space    used 14630K, capacity 15679K, committed 15744K, reserved 1048576K
GC Heap History (20 events):
Event: 64.714 GC heap before
{Heap before GC invocations=72 (full 0):
 garbage-first heap   total 159744K, used 131423K [0x0000000080000000, 0x0000000100000000)
  region size 1024K, 35 young (35840K), 4 survivors (4096K)
 Metaspace       used 85542K, capacity 87774K, committed 87984K, reserved 1126400K
  class space    used 11028K, capacity 11772K, committed 11776K, reserved 1048576K
}
Event: 64.742 GC heap after
{Heap after GC invocations=73 (full 0):
 garbage-first heap   total 192512K, used 101328K [0x0000000080000000, 0x0000000100000000)
  region size 1024K, 4 young (4096K), 4 survivors (4096K)
 Metaspace       used 85542K, capacity 87774K, committed 87984K, reserved 1126400K
  class space    used 11028K, capacity 11772K, committed 11776K, reserved 1048576K
}
Event: 66.987 GC heap before
{Heap before GC invocations=73 (full 0):
 garbage-first heap   total 192512K, used 132048K [0x0000000080000000, 0x0000000100000000)
  region size 1024K, 35 young (35840K), 4 survivors (4096K)
 Metaspace       used 87669K, capacity 89990K, committed 90160K, reserved 1128448K
  class space    used 11299K, capacity 12061K, committed 12160K, reserved 1048576K
}
Event: 67.008 GC heap after
{Heap after GC invocations=74 (full 0):
 garbage-first heap   total 192512K, used 105072K [0x0000000080000000, 0x0000000100000000)
  region size 1024K, 7 young (7168K), 7 survivors (7168K)
 Metaspace       used 87669K, capacity 89990K, committed 90160K, reserved 1128448K
  class space    used 11299K, capacity 12061K, committed 12160K, reserved 1048576K
}
Event: 70.356 GC heap before
{Heap before GC invocations=75 (full 0):
 garbage-first heap   total 192512K, used 153200K [0x0000000080000000, 0x0000000100000000)
  region size 1024K, 53 young (54272K), 7 survivors (7168K)
 Metaspace       used 93528K, capacity 95929K, committed 96304K, reserved 1132544K
  class space    used 12003K, capacity 12808K, committed 12928K, reserved 1048576K
}
Event: 70.389 GC heap after
{Heap after GC invocations=76 (full 0):
 garbage-first heap   total 192512K, used 106094K [0x0000000080000000, 0x0000000100000000)
  region size 1024K, 5 young (5120K), 5 survivors (5120K)
 Metaspace       used 93528K, capacity 95929K, committed 96304K, reserved 1132544K
  class space    used 12003K, capacity 12808K, committed 12928K, reserved 1048576K
}
Event: 75.144 GC heap before
{Heap before GC invocations=76 (full 0):
 garbage-first heap   total 192512K, used 154222K [0x0000000080000000, 0x0000000100000000)
  region size 1024K, 52 young (53248K), 5 survivors (5120K)
 Metaspace       used 96749K, capacity 99296K, committed 99504K, reserved 1136640K
  class space    used 12396K, capacity 13269K, committed 13312K, reserved 1048576K
}
Event: 75.176 GC heap after
{Heap after GC invocations=77 (full 0):
 garbage-first heap   total 192512K, used 109963K [0x0000000080000000, 0x0000000100000000)
  region size 1024K, 6 young (6144K), 6 survivors (6144K)
 Metaspace       used 96749K, capacity 99296K, committed 99504K, reserved 1136640K
  class space    used 12396K, capacity 13269K, committed 13312K, reserved 1048576K
}
Event: 78.528 GC heap before
{Heap before GC invocations=78 (full 0):
 garbage-first heap   total 192512K, used 157067K [0x0000000080000000, 0x0000000100000000)
  region size 1024K, 53 young (54272K), 6 survivors (6144K)
 Metaspace       used 97117K, capacity 99669K, committed 99760K, reserved 1136640K
  class space    used 12403K, capacity 13275K, committed 13312K, reserved 1048576K
}
Event: 78.565 GC heap after
{Heap after GC invocations=79 (full 0):
 garbage-first heap   total 192512K, used 112546K [0x0000000080000000, 0x0000000100000000)
  region size 1024K, 7 young (7168K), 7 survivors (7168K)
 Metaspace       used 97117K, capacity 99669K, committed 99760K, reserved 1136640K
  class space    used 12403K, capacity 13275K, committed 13312K, reserved 1048576K
}
Event: 80.966 GC heap before
{Heap before GC invocations=79 (full 0):
 garbage-first heap   total 192512K, used 158626K [0x0000000080000000, 0x0000000100000000)
  region size 1024K, 53 young (54272K), 7 survivors (7168K)
 Metaspace       used 99888K, capacity 102485K, committed 102704K, reserved 1138688K
  class space    used 12692K, capacity 13590K, committed 13696K, reserved 1048576K
}
Event: 81.001 GC heap after
{Heap after GC invocations=80 (full 0):
 garbage-first heap   total 192512K, used 115272K [0x0000000080000000, 0x0000000100000000)
  region size 1024K, 6 young (6144K), 6 survivors (6144K)
 Metaspace       used 99888K, capacity 102485K, committed 102704K, reserved 1138688K
  class space    used 12692K, capacity 13590K, committed 13696K, reserved 1048576K
}
Event: 88.241 GC heap before
{Heap before GC invocations=81 (full 0):
 garbage-first heap   total 192512K, used 161352K [0x0000000080000000, 0x0000000100000000)
  region size 1024K, 51 young (52224K), 6 survivors (6144K)
 Metaspace       used 105418K, capacity 107998K, committed 108336K, reserved 1142784K
  class space    used 13449K, capacity 14340K, committed 14464K, reserved 1048576K
}
Event: 88.271 GC heap after
{Heap after GC invocations=82 (full 0):
 garbage-first heap   total 192512K, used 118827K [0x0000000080000000, 0x0000000100000000)
  region size 1024K, 7 young (7168K), 7 survivors (7168K)
 Metaspace       used 105418K, capacity 107998K, committed 108336K, reserved 1142784K
  class space    used 13449K, capacity 14340K, committed 14464K, reserved 1048576K
}
Event: 89.977 GC heap before
{Heap before GC invocations=82 (full 0):
 garbage-first heap   total 192512K, used 161835K [0x0000000080000000, 0x0000000100000000)
  region size 1024K, 49 young (50176K), 7 survivors (7168K)
 Metaspace       used 108141K, capacity 110839K, committed 111024K, reserved 1144832K
  class space    used 13858K, capacity 14784K, committed 14848K, reserved 1048576K
}
Event: 90.005 GC heap after
{Heap after GC invocations=83 (full 0):
 garbage-first heap   total 192512K, used 119607K [0x0000000080000000, 0x0000000100000000)
  region size 1024K, 4 young (4096K), 4 survivors (4096K)
 Metaspace       used 108141K, capacity 110839K, committed 111024K, reserved 1144832K
  class space    used 13858K, capacity 14784K, committed 14848K, reserved 1048576K
}
Event: 91.236 GC heap before
{Heap before GC invocations=84 (full 0):
 garbage-first heap   total 192512K, used 164663K [0x0000000080000000, 0x0000000100000000)
  region size 1024K, 48 young (49152K), 4 survivors (4096K)
 Metaspace       used 111361K, capacity 114103K, committed 114224K, reserved 1148928K
  class space    used 14225K, capacity 15168K, committed 15232K, reserved 1048576K
}
Event: 91.265 GC heap after
{Heap after GC invocations=85 (full 0):
 garbage-first heap   total 192512K, used 122574K [0x0000000080000000, 0x0000000100000000)
  region size 1024K, 5 young (5120K), 5 survivors (5120K)
 Metaspace       used 111361K, capacity 114103K, committed 114224K, reserved 1148928K
  class space    used 14225K, capacity 15168K, committed 15232K, reserved 1048576K
}
Event: 96.620 GC heap before
{Heap before GC invocations=85 (full 0):
 garbage-first heap   total 192512K, used 163534K [0x0000000080000000, 0x0000000100000000)
  region size 1024K, 45 young (46080K), 5 survivors (5120K)
 Metaspace       used 112672K, capacity 115428K, committed 115632K, reserved 1148928K
  class space    used 14372K, capacity 15344K, committed 15360K, reserved 1048576K
}
Event: 96.648 GC heap after
{Heap after GC invocations=86 (full 0):
 garbage-first heap   total 192512K, used 125481K [0x0000000080000000, 0x0000000100000000)
  region size 1024K, 6 young (6144K), 6 survivors (6144K)
 Metaspace       used 112672K, capacity 115428K, committed 115632K, reserved 1148928K
  class space    used 14372K, capacity 15344K, committed 15360K, reserved 1048576K
}

