# JRE version: OpenJDK Runtime Environment (11.0.10) (build 11.0.10+0-b96-7249189)
# Java VM: OpenJDK 64-Bit Server VM (11.0.10+0-b96-7249189, mixed mode, tiered, compressed oops, g1 gc, windows-amd64)
Heap:
 garbage-first heap   total 500736K, used 222208K [0x0000000080000000, 0x0000000100000000)
  region size 1024K, 3 young (3072K), 3 survivors (3072K)
 Metaspace       used 136453K, capacity 139839K, committed 140032K, reserved 1171456K
  class space    used 17042K, capacity 18335K, committed 18432K, reserved 1048576K
GC Heap History (20 events):
Event: 3497.955 GC heap after
{Heap after GC invocations=98 (full 0):
 garbage-first heap   total 231424K, used 179598K [0x0000000080000000, 0x0000000100000000)
  region size 1024K, 2 young (2048K), 2 survivors (2048K)
 Metaspace       used 134418K, capacity 137805K, committed 137856K, reserved 1169408K
  class space    used 16732K, capacity 18005K, committed 18048K, reserved 1048576K
}
Event: 3498.667 GC heap before
{Heap before GC invocations=99 (full 0):
 garbage-first heap   total 231424K, used 195982K [0x0000000080000000, 0x0000000100000000)
  region size 1024K, 21 young (21504K), 2 survivors (2048K)
 Metaspace       used 134533K, capacity 137880K, committed 138112K, reserved 1169408K
  class space    used 16741K, capacity 18008K, committed 18048K, reserved 1048576K
}
Event: 3498.693 GC heap after
{Heap after GC invocations=100 (full 0):
 garbage-first heap   total 231424K, used 180214K [0x0000000080000000, 0x0000000100000000)
  region size 1024K, 3 young (3072K), 3 survivors (3072K)
 Metaspace       used 134533K, capacity 137880K, committed 138112K, reserved 1169408K
  class space    used 16741K, capacity 18008K, committed 18048K, reserved 1048576K
}
Event: 3498.753 GC heap before
{Heap before GC invocations=100 (full 0):
 garbage-first heap   total 231424K, used 187382K [0x0000000080000000, 0x0000000100000000)
  region size 1024K, 11 young (11264K), 3 survivors (3072K)
 Metaspace       used 134534K, capacity 137880K, committed 138112K, reserved 1169408K
  class space    used 16741K, capacity 18008K, committed 18048K, reserved 1048576K
}
Event: 3498.810 GC heap after
{Heap after GC invocations=101 (full 0):
 garbage-first heap   total 231424K, used 168241K [0x0000000080000000, 0x0000000100000000)
  region size 1024K, 2 young (2048K), 2 survivors (2048K)
 Metaspace       used 134534K, capacity 137880K, committed 138112K, reserved 1169408K
  class space    used 16741K, capacity 18008K, committed 18048K, reserved 1048576K
}
Event: 3499.091 GC heap before
{Heap before GC invocations=101 (full 0):
 garbage-first heap   total 231424K, used 190769K [0x0000000080000000, 0x0000000100000000)
  region size 1024K, 24 young (24576K), 2 survivors (2048K)
 Metaspace       used 134683K, capacity 138040K, committed 138112K, reserved 1169408K
  class space    used 16767K, capacity 18040K, committed 18048K, reserved 1048576K
}
Event: 3499.150 GC heap after
{Heap after GC invocations=102 (full 0):
 garbage-first heap   total 231424K, used 176640K [0x0000000080000000, 0x0000000100000000)
  region size 1024K, 3 young (3072K), 3 survivors (3072K)
 Metaspace       used 134683K, capacity 138040K, committed 138112K, reserved 1169408K
  class space    used 16767K, capacity 18040K, committed 18048K, reserved 1048576K
}
Event: 3499.196 GC heap before
{Heap before GC invocations=102 (full 0):
 garbage-first heap   total 231424K, used 180736K [0x0000000080000000, 0x0000000100000000)
  region size 1024K, 8 young (8192K), 3 survivors (3072K)
 Metaspace       used 134683K, capacity 138040K, committed 138112K, reserved 1169408K
  class space    used 16767K, capacity 18040K, committed 18048K, reserved 1048576K
}
Event: 3499.232 GC heap after
{Heap after GC invocations=103 (full 0):
 garbage-first heap   total 231424K, used 179200K [0x0000000080000000, 0x0000000100000000)
  region size 1024K, 2 young (2048K), 2 survivors (2048K)
 Metaspace       used 134683K, capacity 138040K, committed 138112K, reserved 1169408K
  class space    used 16767K, capacity 18040K, committed 18048K, reserved 1048576K
}
Event: 3500.668 GC heap before
{Heap before GC invocations=104 (full 0):
 garbage-first heap   total 231424K, used 192512K [0x0000000080000000, 0x0000000100000000)
  region size 1024K, 14 young (14336K), 2 survivors (2048K)
 Metaspace       used 135851K, capacity 139279K, committed 139520K, reserved 1171456K
  class space    used 17025K, capacity 18322K, committed 18432K, reserved 1048576K
}
Event: 3500.712 GC heap after
{Heap after GC invocations=105 (full 0):
 garbage-first heap   total 231424K, used 184320K [0x0000000080000000, 0x0000000100000000)
  region size 1024K, 2 young (2048K), 2 survivors (2048K)
 Metaspace       used 135851K, capacity 139279K, committed 139520K, reserved 1171456K
  class space    used 17025K, capacity 18322K, committed 18432K, reserved 1048576K
}
Event: 3500.952 GC heap before
{Heap before GC invocations=105 (full 0):
 garbage-first heap   total 231424K, used 193536K [0x0000000080000000, 0x0000000100000000)
  region size 1024K, 11 young (11264K), 2 survivors (2048K)
 Metaspace       used 135982K, capacity 139411K, committed 139776K, reserved 1171456K
  class space    used 17025K, capacity 18322K, committed 18432K, reserved 1048576K
}
Event: 3501.020 GC heap after
{Heap after GC invocations=106 (full 0):
 garbage-first heap   total 278528K, used 185093K [0x0000000080000000, 0x0000000100000000)
  region size 1024K, 2 young (2048K), 2 survivors (2048K)
 Metaspace       used 135982K, capacity 139411K, committed 139776K, reserved 1171456K
  class space    used 17025K, capacity 18322K, committed 18432K, reserved 1048576K
}
Event: 3501.726 GC heap before
{Heap before GC invocations=106 (full 0):
 garbage-first heap   total 278528K, used 209669K [0x0000000080000000, 0x0000000100000000)
  region size 1024K, 27 young (27648K), 2 survivors (2048K)
 Metaspace       used 136253K, capacity 139623K, committed 139776K, reserved 1171456K
  class space    used 17029K, capacity 18328K, committed 18432K, reserved 1048576K
}
Event: 3501.796 GC heap after
{Heap after GC invocations=107 (full 0):
 garbage-first heap   total 278528K, used 197120K [0x0000000080000000, 0x0000000100000000)
  region size 1024K, 4 young (4096K), 4 survivors (4096K)
 Metaspace       used 136253K, capacity 139623K, committed 139776K, reserved 1171456K
  class space    used 17029K, capacity 18328K, committed 18432K, reserved 1048576K
}
Event: 3502.167 GC heap before
{Heap before GC invocations=107 (full 0):
 garbage-first heap   total 278528K, used 218624K [0x0000000080000000, 0x0000000100000000)
  region size 1024K, 25 young (25600K), 4 survivors (4096K)
 Metaspace       used 136357K, capacity 139696K, committed 140032K, reserved 1171456K
  class space    used 17034K, capacity 18330K, committed 18432K, reserved 1048576K
}
Event: 3502.232 GC heap after
{Heap after GC invocations=108 (full 0):
 garbage-first heap   total 278528K, used 207872K [0x0000000080000000, 0x0000000100000000)
  region size 1024K, 4 young (4096K), 4 survivors (4096K)
 Metaspace       used 136357K, capacity 139696K, committed 140032K, reserved 1171456K
  class space    used 17034K, capacity 18330K, committed 18432K, reserved 1048576K
}
Event: 3502.513 GC heap before
{Heap before GC invocations=108 (full 0):
 garbage-first heap   total 278528K, used 225280K [0x0000000080000000, 0x0000000100000000)
  region size 1024K, 22 young (22528K), 4 survivors (4096K)
 Metaspace       used 136392K, capacity 139761K, committed 140032K, reserved 1171456K
  class space    used 17035K, capacity 18330K, committed 18432K, reserved 1048576K
}
Event: 3502.553 GC heap after
{Heap after GC invocations=109 (full 0):
 garbage-first heap   total 278528K, used 215040K [0x0000000080000000, 0x0000000100000000)
  region size 1024K, 3 young (3072K), 3 survivors (3072K)
 Metaspace       used 136392K, capacity 139761K, committed 140032K, reserved 1171456K
  class space    used 17035K, capacity 18330K, committed 18432K, reserved 1048576K
}
Event: 3504.236 GC heap before
{Heap before GC invocations=110 (full 0):
 garbage-first heap   total 278528K, used 229376K [0x0000000080000000, 0x0000000100000000)
  region size 1024K, 18 young (18432K), 3 survivors (3072K)
 Metaspace       used 136453K, capacity 139839K, committed 140032K, reserved 1171456K
  class space    used 17042K, capacity 18335K, committed 18432K, reserved 1048576K
}

