# JRE version: OpenJDK Runtime Environment (11.0.10) (build 11.0.10+0-b96-7249189)
# Java VM: OpenJDK 64-Bit Server VM (11.0.10+0-b96-7249189, mixed mode, tiered, compressed oops, g1 gc, windows-amd64)
Heap:
 garbage-first heap   total 93184K, used 59668K [0x00000000c2e00000, 0x0000000100000000)
  region size 1024K, 33 young (33792K), 5 survivors (5120K)
 Metaspace       used 52836K, capacity 53530K, committed 53788K, reserved 1097728K
  class space    used 6152K, capacity 6445K, committed 6524K, reserved 1048576K
GC Heap History (20 events):
Event: 0.884 GC heap before
{Heap before GC invocations=1 (full 0):
 garbage-first heap   total 63488K, used 15173K [0x00000000c2e00000, 0x0000000100000000)
  region size 1024K, 11 young (11264K), 1 survivors (1024K)
 Metaspace       used 10431K, capacity 10511K, committed 10752K, reserved 1058816K
  class space    used 923K, capacity 948K, committed 1024K, reserved 1048576K
}
Event: 0.888 GC heap after
{Heap after GC invocations=2 (full 0):
 garbage-first heap   total 63488K, used 5424K [0x00000000c2e00000, 0x0000000100000000)
  region size 1024K, 2 young (2048K), 2 survivors (2048K)
 Metaspace       used 10431K, capacity 10511K, committed 10752K, reserved 1058816K
  class space    used 923K, capacity 948K, committed 1024K, reserved 1048576K
}
Event: 1.258 GC heap before
{Heap before GC invocations=2 (full 0):
 garbage-first heap   total 63488K, used 17712K [0x00000000c2e00000, 0x0000000100000000)
  region size 1024K, 14 young (14336K), 2 survivors (2048K)
 Metaspace       used 13308K, capacity 13461K, committed 13696K, reserved 1060864K
  class space    used 1274K, capacity 1334K, committed 1408K, reserved 1048576K
}
Event: 1.265 GC heap after
{Heap after GC invocations=3 (full 0):
 garbage-first heap   total 63488K, used 6356K [0x00000000c2e00000, 0x0000000100000000)
  region size 1024K, 2 young (2048K), 2 survivors (2048K)
 Metaspace       used 13308K, capacity 13461K, committed 13696K, reserved 1060864K
  class space    used 1274K, capacity 1334K, committed 1408K, reserved 1048576K
}
Event: 2.135 GC heap before
{Heap before GC invocations=3 (full 0):
 garbage-first heap   total 63488K, used 26836K [0x00000000c2e00000, 0x0000000100000000)
  region size 1024K, 22 young (22528K), 2 survivors (2048K)
 Metaspace       used 18277K, capacity 18542K, committed 18688K, reserved 1067008K
  class space    used 1863K, capacity 1973K, committed 2048K, reserved 1048576K
}
Event: 2.147 GC heap after
{Heap after GC invocations=4 (full 0):
 garbage-first heap   total 63488K, used 8610K [0x00000000c2e00000, 0x0000000100000000)
  region size 1024K, 3 young (3072K), 3 survivors (3072K)
 Metaspace       used 18277K, capacity 18542K, committed 18688K, reserved 1067008K
  class space    used 1863K, capacity 1973K, committed 2048K, reserved 1048576K
}
Event: 2.451 GC heap before
{Heap before GC invocations=4 (full 0):
 garbage-first heap   total 63488K, used 16802K [0x00000000c2e00000, 0x0000000100000000)
  region size 1024K, 13 young (13312K), 3 survivors (3072K)
 Metaspace       used 21022K, capacity 21222K, committed 21248K, reserved 1069056K
  class space    used 2220K, capacity 2293K, committed 2304K, reserved 1048576K
}
Event: 2.463 GC heap after
{Heap after GC invocations=5 (full 0):
 garbage-first heap   total 76800K, used 9418K [0x00000000c2e00000, 0x0000000100000000)
  region size 1024K, 1 young (1024K), 1 survivors (1024K)
 Metaspace       used 21022K, capacity 21222K, committed 21248K, reserved 1069056K
  class space    used 2220K, capacity 2293K, committed 2304K, reserved 1048576K
}
Event: 3.435 GC heap before
{Heap before GC invocations=6 (full 0):
 garbage-first heap   total 76800K, used 38090K [0x00000000c2e00000, 0x0000000100000000)
  region size 1024K, 26 young (26624K), 1 survivors (1024K)
 Metaspace       used 28875K, capacity 29427K, committed 29564K, reserved 1075200K
  class space    used 3162K, capacity 3362K, committed 3452K, reserved 1048576K
}
Event: 3.442 GC heap after
{Heap after GC invocations=7 (full 0):
 garbage-first heap   total 76800K, used 14162K [0x00000000c2e00000, 0x0000000100000000)
  region size 1024K, 3 young (3072K), 3 survivors (3072K)
 Metaspace       used 28875K, capacity 29427K, committed 29564K, reserved 1075200K
  class space    used 3162K, capacity 3362K, committed 3452K, reserved 1048576K
}
Event: 4.599 GC heap before
{Heap before GC invocations=7 (full 0):
 garbage-first heap   total 76800K, used 44882K [0x00000000c2e00000, 0x0000000100000000)
  region size 1024K, 31 young (31744K), 3 survivors (3072K)
 Metaspace       used 34010K, capacity 34533K, committed 34684K, reserved 1079296K
  class space    used 4235K, capacity 4424K, committed 4476K, reserved 1048576K
}
Event: 4.619 GC heap after
{Heap after GC invocations=8 (full 0):
 garbage-first heap   total 76800K, used 20863K [0x00000000c2e00000, 0x0000000100000000)
  region size 1024K, 4 young (4096K), 4 survivors (4096K)
 Metaspace       used 34010K, capacity 34533K, committed 34684K, reserved 1079296K
  class space    used 4235K, capacity 4424K, committed 4476K, reserved 1048576K
}
Event: 4.919 GC heap before
{Heap before GC invocations=8 (full 0):
 garbage-first heap   total 76800K, used 28031K [0x00000000c2e00000, 0x0000000100000000)
  region size 1024K, 12 young (12288K), 4 survivors (4096K)
 Metaspace       used 35386K, capacity 35889K, committed 36048K, reserved 1081344K
  class space    used 4370K, capacity 4556K, committed 4604K, reserved 1048576K
}
Event: 4.937 GC heap after
{Heap after GC invocations=9 (full 0):
 garbage-first heap   total 76800K, used 22288K [0x00000000c2e00000, 0x0000000100000000)
  region size 1024K, 2 young (2048K), 2 survivors (2048K)
 Metaspace       used 35386K, capacity 35889K, committed 36048K, reserved 1081344K
  class space    used 4370K, capacity 4556K, committed 4604K, reserved 1048576K
}
Event: 5.543 GC heap before
{Heap before GC invocations=10 (full 0):
 garbage-first heap   total 76800K, used 42768K [0x00000000c2e00000, 0x0000000100000000)
  region size 1024K, 23 young (23552K), 2 survivors (2048K)
 Metaspace       used 39280K, capacity 39788K, committed 39964K, reserved 1085440K
  class space    used 4738K, capacity 4914K, committed 4988K, reserved 1048576K
}
Event: 5.552 GC heap after
{Heap after GC invocations=11 (full 0):
 garbage-first heap   total 93184K, used 24350K [0x00000000c2e00000, 0x0000000100000000)
  region size 1024K, 3 young (3072K), 3 survivors (3072K)
 Metaspace       used 39280K, capacity 39788K, committed 39964K, reserved 1085440K
  class space    used 4738K, capacity 4914K, committed 4988K, reserved 1048576K
}
Event: 7.539 GC heap before
{Heap before GC invocations=12 (full 0):
 garbage-first heap   total 93184K, used 54046K [0x00000000c2e00000, 0x0000000100000000)
  region size 1024K, 32 young (32768K), 3 survivors (3072K)
 Metaspace       used 46927K, capacity 47558K, committed 47772K, reserved 1091584K
  class space    used 5572K, capacity 5805K, committed 5884K, reserved 1048576K
}
Event: 7.556 GC heap after
{Heap after GC invocations=13 (full 0):
 garbage-first heap   total 93184K, used 26465K [0x00000000c2e00000, 0x0000000100000000)
  region size 1024K, 4 young (4096K), 4 survivors (4096K)
 Metaspace       used 46927K, capacity 47558K, committed 47772K, reserved 1091584K
  class space    used 5572K, capacity 5805K, committed 5884K, reserved 1048576K
}
Event: 8.673 GC heap before
{Heap before GC invocations=13 (full 0):
 garbage-first heap   total 93184K, used 57185K [0x00000000c2e00000, 0x0000000100000000)
  region size 1024K, 33 young (33792K), 4 survivors (4096K)
 Metaspace       used 49855K, capacity 50483K, committed 50844K, reserved 1093632K
  class space    used 5849K, capacity 6074K, committed 6140K, reserved 1048576K
}
Event: 8.702 GC heap after
{Heap after GC invocations=14 (full 0):
 garbage-first heap   total 93184K, used 32020K [0x00000000c2e00000, 0x0000000100000000)
  region size 1024K, 5 young (5120K), 5 survivors (5120K)
 Metaspace       used 49855K, capacity 50483K, committed 50844K, reserved 1093632K
  class space    used 5849K, capacity 6074K, committed 6140K, reserved 1048576K
}

