# JRE version: OpenJDK Runtime Environment (11.0.10) (build 11.0.10+0-b96-7249189)
# Java VM: OpenJDK 64-Bit Server VM (11.0.10+0-b96-7249189, mixed mode, tiered, compressed oops, g1 gc, windows-amd64)
Heap:
 garbage-first heap   total 92160K, used 40385K [0x00000000c2e00000, 0x0000000100000000)
  region size 1024K, 20 young (20480K), 3 survivors (3072K)
 Metaspace       used 43021K, capacity 43556K, committed 43776K, reserved 1091584K
  class space    used 5130K, capacity 5333K, committed 5376K, reserved 1048576K
GC Heap History (18 events):
Event: 0.761 GC heap before
{Heap before GC invocations=0 (full 0):
 garbage-first heap   total 63488K, used 9216K [0x00000000c2e00000, 0x0000000100000000)
  region size 1024K, 7 young (7168K), 0 survivors (0K)
 Metaspace       used 6961K, capacity 7052K, committed 7296K, reserved 1056768K
  class space    used 596K, capacity 627K, committed 640K, reserved 1048576K
}
Event: 0.767 GC heap after
{Heap after GC invocations=1 (full 0):
 garbage-first heap   total 63488K, used 4954K [0x00000000c2e00000, 0x0000000100000000)
  region size 1024K, 1 young (1024K), 1 survivors (1024K)
 Metaspace       used 6961K, capacity 7052K, committed 7296K, reserved 1056768K
  class space    used 596K, capacity 627K, committed 640K, reserved 1048576K
}
Event: 1.163 GC heap before
{Heap before GC invocations=1 (full 0):
 garbage-first heap   total 63488K, used 14170K [0x00000000c2e00000, 0x0000000100000000)
  region size 1024K, 10 young (10240K), 1 survivors (1024K)
 Metaspace       used 10156K, capacity 10287K, committed 10496K, reserved 1058816K
  class space    used 886K, capacity 916K, committed 1024K, reserved 1048576K
}
Event: 1.168 GC heap after
{Heap after GC invocations=2 (full 0):
 garbage-first heap   total 63488K, used 5877K [0x00000000c2e00000, 0x0000000100000000)
  region size 1024K, 2 young (2048K), 2 survivors (2048K)
 Metaspace       used 10156K, capacity 10287K, committed 10496K, reserved 1058816K
  class space    used 886K, capacity 916K, committed 1024K, reserved 1048576K
}
Event: 1.601 GC heap before
{Heap before GC invocations=2 (full 0):
 garbage-first heap   total 63488K, used 17141K [0x00000000c2e00000, 0x0000000100000000)
  region size 1024K, 14 young (14336K), 2 survivors (2048K)
 Metaspace       used 13172K, capacity 13301K, committed 13440K, reserved 1060864K
  class space    used 1257K, capacity 1302K, committed 1408K, reserved 1048576K
}
Event: 1.608 GC heap after
{Heap after GC invocations=3 (full 0):
 garbage-first heap   total 63488K, used 6426K [0x00000000c2e00000, 0x0000000100000000)
  region size 1024K, 2 young (2048K), 2 survivors (2048K)
 Metaspace       used 13172K, capacity 13301K, committed 13440K, reserved 1060864K
  class space    used 1257K, capacity 1302K, committed 1408K, reserved 1048576K
}
Event: 2.454 GC heap before
{Heap before GC invocations=3 (full 0):
 garbage-first heap   total 63488K, used 24858K [0x00000000c2e00000, 0x0000000100000000)
  region size 1024K, 20 young (20480K), 2 survivors (2048K)
 Metaspace       used 17394K, capacity 17603K, committed 17792K, reserved 1064960K
  class space    used 1743K, capacity 1829K, committed 1920K, reserved 1048576K
}
Event: 2.480 GC heap after
{Heap after GC invocations=4 (full 0):
 garbage-first heap   total 63488K, used 8674K [0x00000000c2e00000, 0x0000000100000000)
  region size 1024K, 3 young (3072K), 3 survivors (3072K)
 Metaspace       used 17394K, capacity 17603K, committed 17792K, reserved 1064960K
  class space    used 1743K, capacity 1829K, committed 1920K, reserved 1048576K
}
Event: 2.865 GC heap before
{Heap before GC invocations=4 (full 0):
 garbage-first heap   total 63488K, used 18914K [0x00000000c2e00000, 0x0000000100000000)
  region size 1024K, 15 young (15360K), 3 survivors (3072K)
 Metaspace       used 20821K, capacity 20990K, committed 21248K, reserved 1069056K
  class space    used 2200K, capacity 2280K, committed 2304K, reserved 1048576K
}
Event: 2.878 GC heap after
{Heap after GC invocations=5 (full 0):
 garbage-first heap   total 76800K, used 9593K [0x00000000c2e00000, 0x0000000100000000)
  region size 1024K, 3 young (3072K), 3 survivors (3072K)
 Metaspace       used 20821K, capacity 20990K, committed 21248K, reserved 1069056K
  class space    used 2200K, capacity 2280K, committed 2304K, reserved 1048576K
}
Event: 3.984 GC heap before
{Heap before GC invocations=6 (full 0):
 garbage-first heap   total 76800K, used 38265K [0x00000000c2e00000, 0x0000000100000000)
  region size 1024K, 28 young (28672K), 3 survivors (3072K)
 Metaspace       used 28696K, capacity 29151K, committed 29312K, reserved 1075200K
  class space    used 3210K, capacity 3375K, committed 3456K, reserved 1048576K
}
Event: 3.998 GC heap after
{Heap after GC invocations=7 (full 0):
 garbage-first heap   total 76800K, used 14598K [0x00000000c2e00000, 0x0000000100000000)
  region size 1024K, 3 young (3072K), 3 survivors (3072K)
 Metaspace       used 28696K, capacity 29151K, committed 29312K, reserved 1075200K
  class space    used 3210K, capacity 3375K, committed 3456K, reserved 1048576K
}
Event: 6.028 GC heap before
{Heap before GC invocations=7 (full 0):
 garbage-first heap   total 76800K, used 46342K [0x00000000c2e00000, 0x0000000100000000)
  region size 1024K, 32 young (32768K), 3 survivors (3072K)
 Metaspace       used 34171K, capacity 34555K, committed 34688K, reserved 1079296K
  class space    used 4241K, capacity 4409K, committed 4480K, reserved 1048576K
}
Event: 6.048 GC heap after
{Heap after GC invocations=8 (full 0):
 garbage-first heap   total 76800K, used 20977K [0x00000000c2e00000, 0x0000000100000000)
  region size 1024K, 4 young (4096K), 4 survivors (4096K)
 Metaspace       used 34171K, capacity 34555K, committed 34688K, reserved 1079296K
  class space    used 4241K, capacity 4409K, committed 4480K, reserved 1048576K
}
Event: 6.241 GC heap before
{Heap before GC invocations=8 (full 0):
 garbage-first heap   total 76800K, used 25073K [0x00000000c2e00000, 0x0000000100000000)
  region size 1024K, 9 young (9216K), 4 survivors (4096K)
 Metaspace       used 35036K, capacity 35420K, committed 35584K, reserved 1081344K
  class space    used 4331K, capacity 4505K, committed 4608K, reserved 1048576K
}
Event: 6.256 GC heap after
{Heap after GC invocations=9 (full 0):
 garbage-first heap   total 76800K, used 21918K [0x00000000c2e00000, 0x0000000100000000)
  region size 1024K, 1 young (1024K), 1 survivors (1024K)
 Metaspace       used 35036K, capacity 35420K, committed 35584K, reserved 1081344K
  class space    used 4331K, capacity 4505K, committed 4608K, reserved 1048576K
}
Event: 6.965 GC heap before
{Heap before GC invocations=10 (full 0):
 garbage-first heap   total 76800K, used 41374K [0x00000000c2e00000, 0x0000000100000000)
  region size 1024K, 21 young (21504K), 1 survivors (1024K)
 Metaspace       used 38891K, capacity 39386K, committed 39424K, reserved 1083392K
  class space    used 4674K, capacity 4864K, committed 4864K, reserved 1048576K
}
Event: 6.974 GC heap after
{Heap after GC invocations=11 (full 0):
 garbage-first heap   total 92160K, used 24001K [0x00000000c2e00000, 0x0000000100000000)
  region size 1024K, 3 young (3072K), 3 survivors (3072K)
 Metaspace       used 38891K, capacity 39386K, committed 39424K, reserved 1083392K
  class space    used 4674K, capacity 4864K, committed 4864K, reserved 1048576K
}

