# JRE version: OpenJDK Runtime Environment (11.0.10) (build 11.0.10+0-b96-7249189)
# Java VM: OpenJDK 64-Bit Server VM (11.0.10+0-b96-7249189, mixed mode, tiered, compressed oops, g1 gc, windows-amd64)
Heap:
 garbage-first heap   total 196608K, used 145534K [0x0000000080000000, 0x0000000100000000)
  region size 1024K, 24 young (24576K), 1 survivors (1024K)
 Metaspace       used 123958K, capacity 127108K, committed 127232K, reserved 1159168K
  class space    used 15635K, capacity 16804K, committed 16896K, reserved 1048576K
GC Heap History (20 events):
Event: 123.279 GC heap before
{Heap before GC invocations=80 (full 0):
 garbage-first heap   total 196608K, used 102366K [0x0000000080000000, 0x0000000100000000)
  region size 1024K, 9 young (9216K), 7 survivors (7168K)
 Metaspace       used 97438K, capacity 99668K, committed 99968K, reserved 1136640K
  class space    used 12318K, capacity 13092K, committed 13184K, reserved 1048576K
}
Event: 123.307 GC heap after
{Heap after GC invocations=81 (full 0):
 garbage-first heap   total 196608K, used 99800K [0x0000000080000000, 0x0000000100000000)
  region size 1024K, 2 young (2048K), 2 survivors (2048K)
 Metaspace       used 97438K, capacity 99668K, committed 99968K, reserved 1136640K
  class space    used 12318K, capacity 13092K, committed 13184K, reserved 1048576K
}
Event: 125.370 GC heap before
{Heap before GC invocations=81 (full 0):
 garbage-first heap   total 196608K, used 152024K [0x0000000080000000, 0x0000000100000000)
  region size 1024K, 54 young (55296K), 2 survivors (2048K)
 Metaspace       used 98804K, capacity 101025K, committed 101120K, reserved 1136640K
  class space    used 12454K, capacity 13223K, committed 13312K, reserved 1048576K
}
Event: 125.392 GC heap after
{Heap after GC invocations=82 (full 0):
 garbage-first heap   total 196608K, used 101307K [0x0000000080000000, 0x0000000100000000)
  region size 1024K, 4 young (4096K), 4 survivors (4096K)
 Metaspace       used 98804K, capacity 101025K, committed 101120K, reserved 1136640K
  class space    used 12454K, capacity 13223K, committed 13312K, reserved 1048576K
}
Event: 134.534 GC heap before
{Heap before GC invocations=83 (full 0):
 garbage-first heap   total 196608K, used 153531K [0x0000000080000000, 0x0000000100000000)
  region size 1024K, 55 young (56320K), 4 survivors (4096K)
 Metaspace       used 101921K, capacity 104239K, committed 104448K, reserved 1140736K
  class space    used 12853K, capacity 13709K, committed 13824K, reserved 1048576K
}
Event: 134.558 GC heap after
{Heap after GC invocations=84 (full 0):
 garbage-first heap   total 196608K, used 104822K [0x0000000080000000, 0x0000000100000000)
  region size 1024K, 7 young (7168K), 7 survivors (7168K)
 Metaspace       used 101921K, capacity 104239K, committed 104448K, reserved 1140736K
  class space    used 12853K, capacity 13709K, committed 13824K, reserved 1048576K
}
Event: 185.118 GC heap before
{Heap before GC invocations=84 (full 0):
 garbage-first heap   total 196608K, used 154998K [0x0000000080000000, 0x0000000100000000)
  region size 1024K, 57 young (58368K), 7 survivors (7168K)
 Metaspace       used 104273K, capacity 106774K, committed 107008K, reserved 1142784K
  class space    used 13156K, capacity 14016K, committed 14080K, reserved 1048576K
}
Event: 185.184 GC heap after
{Heap after GC invocations=85 (full 0):
 garbage-first heap   total 196608K, used 109232K [0x0000000080000000, 0x0000000100000000)
  region size 1024K, 8 young (8192K), 8 survivors (8192K)
 Metaspace       used 104273K, capacity 106774K, committed 107008K, reserved 1142784K
  class space    used 13156K, capacity 14016K, committed 14080K, reserved 1048576K
}
Event: 188.539 GC heap before
{Heap before GC invocations=86 (full 0):
 garbage-first heap   total 196608K, used 159408K [0x0000000080000000, 0x0000000100000000)
  region size 1024K, 56 young (57344K), 8 survivors (8192K)
 Metaspace       used 110562K, capacity 113245K, committed 113536K, reserved 1148928K
  class space    used 13943K, capacity 14874K, committed 14976K, reserved 1048576K
}
Event: 188.593 GC heap after
{Heap after GC invocations=87 (full 0):
 garbage-first heap   total 196608K, used 117474K [0x0000000080000000, 0x0000000100000000)
  region size 1024K, 6 young (6144K), 6 survivors (6144K)
 Metaspace       used 110562K, capacity 113245K, committed 113536K, reserved 1148928K
  class space    used 13943K, capacity 14874K, committed 14976K, reserved 1048576K
}
Event: 188.966 GC heap before
{Heap before GC invocations=87 (full 0):
 garbage-first heap   total 196608K, used 120546K [0x0000000080000000, 0x0000000100000000)
  region size 1024K, 9 young (9216K), 6 survivors (6144K)
 Metaspace       used 110571K, capacity 113246K, committed 113536K, reserved 1148928K
  class space    used 13943K, capacity 14874K, committed 14976K, reserved 1048576K
}
Event: 188.994 GC heap after
{Heap after GC invocations=88 (full 0):
 garbage-first heap   total 196608K, used 117248K [0x0000000080000000, 0x0000000100000000)
  region size 1024K, 1 young (1024K), 1 survivors (1024K)
 Metaspace       used 110571K, capacity 113246K, committed 113536K, reserved 1148928K
  class space    used 13943K, capacity 14874K, committed 14976K, reserved 1048576K
}
Event: 191.419 GC heap before
{Heap before GC invocations=88 (full 0):
 garbage-first heap   total 196608K, used 162304K [0x0000000080000000, 0x0000000100000000)
  region size 1024K, 42 young (43008K), 1 survivors (1024K)
 Metaspace       used 113571K, capacity 116347K, committed 116480K, reserved 1150976K
  class space    used 14292K, capacity 15292K, committed 15360K, reserved 1048576K
}
Event: 191.438 GC heap after
{Heap after GC invocations=89 (full 0):
 garbage-first heap   total 196608K, used 120765K [0x0000000080000000, 0x0000000100000000)
  region size 1024K, 5 young (5120K), 5 survivors (5120K)
 Metaspace       used 113571K, capacity 116347K, committed 116480K, reserved 1150976K
  class space    used 14292K, capacity 15292K, committed 15360K, reserved 1048576K
}
Event: 193.674 GC heap before
{Heap before GC invocations=90 (full 0):
 garbage-first heap   total 196608K, used 159677K [0x0000000080000000, 0x0000000100000000)
  region size 1024K, 44 young (45056K), 5 survivors (5120K)
 Metaspace       used 118423K, capacity 121313K, committed 121600K, reserved 1155072K
  class space    used 14941K, capacity 16019K, committed 16128K, reserved 1048576K
}
Event: 193.729 GC heap after
{Heap after GC invocations=91 (full 0):
 garbage-first heap   total 196608K, used 126884K [0x0000000080000000, 0x0000000100000000)
  region size 1024K, 6 young (6144K), 6 survivors (6144K)
 Metaspace       used 118423K, capacity 121313K, committed 121600K, reserved 1155072K
  class space    used 14941K, capacity 16019K, committed 16128K, reserved 1048576K
}
Event: 193.892 GC heap before
{Heap before GC invocations=91 (full 0):
 garbage-first heap   total 196608K, used 129956K [0x0000000080000000, 0x0000000100000000)
  region size 1024K, 9 young (9216K), 6 survivors (6144K)
 Metaspace       used 119287K, capacity 122241K, committed 122496K, reserved 1155072K
  class space    used 15106K, capacity 16201K, committed 16256K, reserved 1048576K
}
Event: 193.937 GC heap after
{Heap after GC invocations=92 (full 0):
 garbage-first heap   total 196608K, used 123214K [0x0000000080000000, 0x0000000100000000)
  region size 1024K, 1 young (1024K), 1 survivors (1024K)
 Metaspace       used 119287K, capacity 122241K, committed 122496K, reserved 1155072K
  class space    used 15106K, capacity 16201K, committed 16256K, reserved 1048576K
}
Event: 196.079 GC heap before
{Heap before GC invocations=92 (full 0):
 garbage-first heap   total 196608K, used 160078K [0x0000000080000000, 0x0000000100000000)
  region size 1024K, 37 young (37888K), 1 survivors (1024K)
 Metaspace       used 123342K, capacity 126527K, committed 126592K, reserved 1159168K
  class space    used 15609K, capacity 16765K, committed 16768K, reserved 1048576K
}
Event: 196.097 GC heap after
{Heap after GC invocations=93 (full 0):
 garbage-first heap   total 196608K, used 123006K [0x0000000080000000, 0x0000000100000000)
  region size 1024K, 1 young (1024K), 1 survivors (1024K)
 Metaspace       used 123342K, capacity 126527K, committed 126592K, reserved 1159168K
  class space    used 15609K, capacity 16765K, committed 16768K, reserved 1048576K
}

